
> timetrack@0.1.0 dev
> next dev

⚠ Port 3000 is in use by process 48630, using available port 3002 instead.
▲ Next.js 16.1.1 (Turbopack)
- Local:         http://localhost:3002
- Network:       http://192.168.0.229:3002
- Environments: .env

✓ Starting...
⚠ The "middleware" file convention is deprecated. Please use "proxy" instead. Learn more: https://nextjs.org/docs/messages/middleware-to-proxy
✓ Ready in 1056ms
 GET /login?callbackUrl=http%3A%2F%2Flocalhost%3A3002%2F 200 in 806ms (compile: 691ms, proxy.ts: 3ms, render: 112ms)
 GET /login?callbackUrl=http%3A%2F%2Flocalhost%3A3002%2Fmanifest.json 200 in 73ms (compile: 4ms, proxy.ts: 7ms, render: 62ms)
 GET /api/auth/session 200 in 621ms (compile: 609ms, render: 12ms)
 GET /api/auth/session 200 in 7ms (compile: 4ms, render: 3ms)
 GET /api/auth/providers 200 in 10ms (compile: 6ms, render: 4ms)
 GET /api/auth/csrf 200 in 4ms (compile: 1399µs, render: 3ms)
 POST /api/auth/callback/pin? 200 in 674ms (compile: 1643µs, render: 673ms)
 GET /api/auth/session 200 in 8ms (compile: 3ms, render: 6ms)
 GET / 200 in 232ms (compile: 211ms, proxy.ts: 11ms, render: 10ms)
 GET / 200 in 23ms (compile: 4ms, proxy.ts: 7ms, render: 12ms)
 GET /login?callbackUrl=http%3A%2F%2Flocalhost%3A3002%2Fmanifest.json 200 in 104ms (compile: 6ms, proxy.ts: 4ms, render: 94ms)
 GET /api/attendance/today 200 in 617ms (compile: 100ms, render: 517ms)
 GET /api/attendance/today 200 in 295ms (compile: 1652µs, render: 293ms)
 GET /api/announcements?pinned=true&limit=5 200 in 739ms (compile: 126ms, render: 613ms)
 GET /api/announcements?pinned=true&limit=5 200 in 161ms (compile: 1288µs, render: 160ms)
 GET /admin 200 in 476ms (compile: 354ms, proxy.ts: 12ms, render: 110ms)
 GET /login?callbackUrl=http%3A%2F%2Flocalhost%3A3002%2Fmanifest.json 200 in 54ms (compile: 6ms, proxy.ts: 5ms, render: 42ms)
 GET /api/auth/session 200 in 23ms (compile: 4ms, render: 18ms)
 GET /api/auth/session 200 in 8ms (compile: 2ms, render: 6ms)
 GET /api/user/permissions 200 in 632ms (compile: 78ms, render: 554ms)
 GET /api/admin/analytics 200 in 802ms (compile: 55ms, render: 747ms)
 GET /api/admin/dashboard 200 in 1012ms (compile: 37ms, render: 975ms)
 GET /api/admin/analytics 200 in 417ms (compile: 1257µs, render: 416ms)
 GET /api/admin/dashboard 200 in 516ms (compile: 2ms, render: 514ms)
 GET /api/admin/dashboard 200 in 517ms (compile: 1470µs, render: 515ms)
 GET / 200 in 127ms (compile: 5ms, proxy.ts: 21ms, render: 102ms)
 GET /login 200 in 126ms (compile: 14ms, proxy.ts: 20ms, render: 92ms)
✓ Compiled in 54ms
✓ Compiled in 48ms
✓ Compiled in 53ms
 GET / 200 in 143ms (compile: 47ms, proxy.ts: 8ms, render: 88ms)
 GET /login?callbackUrl=http%3A%2F%2Flocalhost%3A3002%2Fmanifest.json 200 in 128ms (compile: 46ms, proxy.ts: 9ms, render: 73ms)
 GET /api/auth/session 200 in 18ms (compile: 9ms, render: 10ms)
 GET /api/auth/session 200 in 7ms (compile: 1256µs, render: 6ms)
 GET /api/auth/session 200 in 14ms (compile: 2ms, render: 11ms)
 GET /api/announcements?pinned=true&limit=5 200 in 402ms (compile: 2ms, render: 400ms)
 GET /api/attendance/today 200 in 553ms (compile: 4ms, render: 549ms)
 GET /api/announcements?pinned=true&limit=5 200 in 176ms (compile: 1423µs, render: 175ms)
 POST /api/notifications/subscribe 200 in 181ms (compile: 79ms, render: 102ms)
 GET /admin 200 in 134ms (compile: 39ms, proxy.ts: 12ms, render: 83ms)
 GET /login?callbackUrl=http%3A%2F%2Flocalhost%3A3002%2Fmanifest.json 200 in 56ms (compile: 6ms, proxy.ts: 6ms, render: 44ms)
 GET /api/auth/session 200 in 10ms (compile: 5ms, render: 5ms)
 GET /api/auth/session 200 in 8ms (compile: 2ms, render: 5ms)
 GET /api/auth/session 200 in 7ms (compile: 1179µs, render: 6ms)
 GET /api/user/permissions 200 in 255ms (compile: 6ms, render: 250ms)
 GET /api/admin/dashboard 200 in 399ms (compile: 1721µs, render: 397ms)
 GET /api/admin/analytics 200 in 464ms (compile: 3ms, render: 460ms)
 POST /api/notifications/subscribe 200 in 441ms (compile: 3ms, render: 439ms)
 GET /api/admin/analytics 200 in 277ms (compile: 1522µs, render: 275ms)
 GET /api/admin/dashboard 200 in 827ms (compile: 1505µs, render: 826ms)
 GET /api/admin/dashboard 200 in 589ms (compile: 2ms, render: 587ms)
 GET /api/admin/dashboard?light=true 200 in 562ms (compile: 3ms, render: 559ms)
 GET /admin 200 in 38ms (compile: 5ms, proxy.ts: 9ms, render: 23ms)
 GET /login?callbackUrl=http%3A%2F%2Flocalhost%3A3002%2Fmanifest.json 200 in 64ms (compile: 8ms, proxy.ts: 6ms, render: 51ms)
 GET /api/auth/session 200 in 10ms (compile: 3ms, render: 6ms)
 GET /api/auth/session 200 in 9ms (compile: 1769µs, render: 7ms)
 GET /api/auth/session 200 in 9ms (compile: 1423µs, render: 8ms)
 GET /api/user/permissions 200 in 20ms (compile: 7ms, render: 13ms)
 POST /api/notifications/subscribe 200 in 406ms (compile: 1838µs, render: 404ms)
 GET /api/admin/analytics 200 in 759ms (compile: 5ms, render: 754ms)
 GET /api/admin/dashboard 200 in 871ms (compile: 3ms, render: 868ms)
 GET /api/admin/analytics 200 in 593ms (compile: 1355µs, render: 592ms)
 GET /api/admin/dashboard 200 in 570ms (compile: 3ms, render: 568ms)
 GET /api/admin/dashboard 200 in 528ms (compile: 2ms, render: 526ms)
 GET /api/auth/session 200 in 24ms (compile: 7ms, render: 16ms)
 GET /api/auth/session 200 in 10ms (compile: 3ms, render: 8ms)
 GET /api/auth/session 200 in 9ms (compile: 2ms, render: 7ms)
 GET /api/auth/session 200 in 19ms (compile: 10ms, render: 9ms)
 GET /api/auth/session 200 in 10ms (compile: 1995µs, render: 8ms)
 GET /api/auth/session 200 in 12ms (compile: 1560µs, render: 10ms)
 GET /api/auth/session 200 in 29ms (compile: 15ms, render: 13ms)
 GET /api/auth/session 200 in 7ms (compile: 1369µs, render: 6ms)
 GET /login?callbackUrl=http%3A%2F%2Flocalhost%3A3002%2F 200 in 37ms (compile: 4ms, proxy.ts: 3ms, render: 30ms)
 GET /login?callbackUrl=http%3A%2F%2Flocalhost%3A3002%2Fmanifest.json 200 in 34ms (compile: 1819µs, proxy.ts: 3ms, render: 29ms)
 GET /api/auth/session 200 in 12ms (compile: 5ms, render: 7ms)
 GET /api/auth/session 200 in 4ms (compile: 1461µs, render: 2ms)
 GET /api/auth/providers 200 in 10ms (compile: 6ms, render: 4ms)
 GET /api/auth/csrf 200 in 5ms (compile: 1823µs, render: 3ms)
 POST /api/auth/callback/pin? 200 in 296ms (compile: 1685µs, render: 294ms)
 GET /api/auth/session 200 in 6ms (compile: 1213µs, render: 4ms)
 GET / 200 in 15ms (compile: 3ms, proxy.ts: 4ms, render: 8ms)
 GET / 200 in 31ms (compile: 3ms, proxy.ts: 12ms, render: 16ms)
 GET /api/attendance/today 200 in 482ms (compile: 2ms, render: 479ms)
 GET /api/attendance/today 200 in 537ms (compile: 2ms, render: 535ms)
 GET /api/announcements?pinned=true&limit=5 200 in 351ms (compile: 1598µs, render: 349ms)
 GET /api/announcements?pinned=true&limit=5 200 in 402ms (compile: 4ms, render: 398ms)
 GET / 200 in 95ms (compile: 4ms, proxy.ts: 11ms, render: 79ms)
 GET /login 200 in 93ms (compile: 27ms, proxy.ts: 9ms, render: 56ms)
✓ Compiled in 52ms
 GET / 200 in 131ms (compile: 44ms, proxy.ts: 4ms, render: 82ms)
 GET /login?callbackUrl=http%3A%2F%2Flocalhost%3A3002%2Fmanifest.json 200 in 119ms (compile: 38ms, proxy.ts: 3ms, render: 78ms)
 GET /api/auth/session 200 in 8ms (compile: 3ms, render: 5ms)
 GET /api/auth/session 200 in 10ms (compile: 1312µs, render: 9ms)
 GET /api/announcements?pinned=true&limit=5 200 in 251ms (compile: 1528µs, render: 249ms)
 GET /api/attendance/today 200 in 316ms (compile: 3ms, render: 313ms)
 GET /api/announcements?pinned=true&limit=5 200 in 421ms (compile: 1665µs, render: 420ms)
 GET /api/auth/csrf 200 in 8ms (compile: 4ms, render: 5ms)
 POST /api/auth/signout 200 in 9ms (compile: 4ms, render: 6ms)
 GET /login 200 in 30ms (compile: 1478µs, proxy.ts: 2ms, render: 26ms)
 GET /api/auth/session 200 in 6ms (compile: 3ms, render: 4ms)
 GET /login?callbackUrl=http%3A%2F%2Flocalhost%3A3002%2Fmanifest.json 200 in 57ms (compile: 5ms, proxy.ts: 3ms, render: 49ms)
 GET /api/auth/session 200 in 3ms (compile: 1249µs, render: 2ms)
 GET /login 200 in 39ms (compile: 4ms, proxy.ts: 6ms, render: 28ms)
 GET /api/auth/session 200 in 8ms (compile: 5ms, render: 3ms)
 GET /login?callbackUrl=http%3A%2F%2Flocalhost%3A3002%2Fmanifest.json 200 in 64ms (compile: 2ms, proxy.ts: 3ms, render: 59ms)
 GET /api/auth/session 200 in 8ms (compile: 3ms, render: 5ms)
 GET /login?callbackUrl=http%3A%2F%2Flocalhost%3A3002%2Ficons%2Ficon-192.png 200 in 34ms (compile: 3ms, proxy.ts: 3ms, render: 28ms)
 GET /login?callbackUrl=http%3A%2F%2Flocalhost%3A3002%2Fapple-touch-icon-precomposed.png 200 in 51ms (compile: 4ms, proxy.ts: 2ms, render: 45ms)
 GET /login?callbackUrl=http%3A%2F%2Flocalhost%3A3002%2Fapple-touch-icon.png 200 in 59ms (compile: 5ms, proxy.ts: 4ms, render: 50ms)
 GET /api/auth/providers 200 in 9ms (compile: 5ms, render: 4ms)
 GET /api/auth/csrf 200 in 11ms (compile: 7ms, render: 4ms)
 POST /api/auth/callback/pin? 200 in 311ms (compile: 1807µs, render: 310ms)
 GET /api/auth/session 200 in 5ms (compile: 1131µs, render: 4ms)
 GET / 200 in 12ms (compile: 1546µs, proxy.ts: 4ms, render: 7ms)
 GET / 200 in 20ms (compile: 1582µs, proxy.ts: 8ms, render: 11ms)
 POST /api/notifications/subscribe 200 in 140ms (compile: 1283µs, render: 138ms)
 GET /api/attendance/today 200 in 274ms (compile: 3ms, render: 271ms)
 GET /api/attendance/today 200 in 309ms (compile: 4ms, render: 305ms)
 GET /api/announcements?pinned=true&limit=5 200 in 183ms (compile: 1148µs, render: 182ms)
 GET /api/announcements?pinned=true&limit=5 200 in 185ms (compile: 3ms, render: 182ms)
 GET /login?callbackUrl=http%3A%2F%2Flocalhost%3A3002%2F 200 in 33ms (compile: 4ms, proxy.ts: 4ms, render: 25ms)
 GET /login?callbackUrl=http%3A%2F%2Flocalhost%3A3002%2Fmanifest.json 200 in 47ms (compile: 3ms, proxy.ts: 4ms, render: 40ms)
 GET /api/auth/session 200 in 10ms (compile: 5ms, render: 5ms)
 GET /api/auth/session 200 in 3ms (compile: 1148µs, render: 2ms)
 GET /login?callbackUrl=http%3A%2F%2Flocalhost%3A3002%2Fmanifest.json 200 in 47ms (compile: 4ms, proxy.ts: 3ms, render: 39ms)
 GET /api/auth/providers 200 in 8ms (compile: 3ms, render: 5ms)
 GET /api/auth/csrf 200 in 4ms (compile: 1278µs, render: 2ms)
 POST /api/auth/callback/pin? 200 in 220ms (compile: 1300µs, render: 219ms)
 GET /api/auth/session 200 in 5ms (compile: 1156µs, render: 4ms)
 GET / 200 in 17ms (compile: 2ms, proxy.ts: 4ms, render: 10ms)
 GET / 200 in 27ms (compile: 4ms, proxy.ts: 11ms, render: 12ms)
 GET /login?callbackUrl=http%3A%2F%2Flocalhost%3A3002%2Fmanifest.json 200 in 31ms (compile: 3ms, proxy.ts: 2ms, render: 26ms)
 GET /api/attendance/today 200 in 275ms (compile: 3ms, render: 271ms)
 GET /api/announcements?pinned=true&limit=5 200 in 232ms (compile: 1668µs, render: 230ms)
 GET /api/attendance/today 200 in 271ms (compile: 1132µs, render: 270ms)
 GET /api/announcements?pinned=true&limit=5 200 in 180ms (compile: 1195µs, render: 178ms)
 GET / 200 in 92ms (compile: 4ms, proxy.ts: 11ms, render: 77ms)
 GET /login 200 in 92ms (compile: 15ms, proxy.ts: 11ms, render: 65ms)
 POST /api/notifications/subscribe 200 in 61ms (compile: 4ms, render: 57ms)
 GET /admin 200 in 200ms (compile: 46ms, proxy.ts: 5ms, render: 149ms)
 GET /login?callbackUrl=http%3A%2F%2Flocalhost%3A3002%2Fmanifest.json 200 in 64ms (compile: 6ms, proxy.ts: 6ms, render: 52ms)
 GET /api/auth/session 200 in 11ms (compile: 4ms, render: 7ms)
 GET /api/auth/session 200 in 7ms (compile: 1592µs, render: 5ms)
 GET /login?callbackUrl=http%3A%2F%2Flocalhost%3A3002%2Fmanifest.json 200 in 51ms (compile: 1742µs, proxy.ts: 3ms, render: 46ms)
 POST /api/notifications/subscribe 200 in 113ms (compile: 1414µs, render: 112ms)
 GET /api/user/permissions 200 in 316ms (compile: 9ms, render: 308ms)
 GET /api/admin/analytics 200 in 464ms (compile: 5ms, render: 458ms)
 GET /api/admin/dashboard 200 in 607ms (compile: 1740µs, render: 605ms)
 GET /api/admin/analytics 200 in 372ms (compile: 1432µs, render: 371ms)
 GET /api/admin/dashboard 200 in 523ms (compile: 1206µs, render: 521ms)
 GET /api/admin/dashboard 200 in 462ms (compile: 3ms, render: 459ms)
 GET /admin/attendance 200 in 532ms (compile: 514ms, proxy.ts: 6ms, render: 12ms)
 GET /login?callbackUrl=http%3A%2F%2Flocalhost%3A3002%2Fmanifest.json 200 in 28ms (compile: 3ms, proxy.ts: 3ms, render: 22ms)
 GET /api/admin/stations 200 in 297ms (compile: 50ms, render: 247ms)
 GET /api/admin/stations 200 in 94ms (compile: 1134µs, render: 93ms)
 GET /api/admin/attendance?startDate=2026-04-01&endDate=2026-04-08 200 in 570ms (compile: 32ms, render: 538ms)
 GET /api/admin/attendance?startDate=2026-04-01&endDate=2026-04-08 200 in 253ms (compile: 1202µs, render: 251ms)
 GET /admin/attendance/backfill 200 in 96ms (compile: 73ms, proxy.ts: 13ms, render: 11ms)
 GET /login?callbackUrl=http%3A%2F%2Flocalhost%3A3002%2Fmanifest.json 200 in 30ms (compile: 1705µs, proxy.ts: 1649µs, render: 27ms)
 GET /api/admin/employees 200 in 432ms (compile: 32ms, render: 400ms)
 GET /api/admin/employees 200 in 230ms (compile: 3ms, render: 228ms)
 GET /api/admin/dashboard?light=true 200 in 470ms (compile: 4ms, render: 466ms)
 GET /api/admin/dashboard?light=true 200 in 427ms (compile: 3ms, render: 424ms)
 GET /api/admin/dashboard?light=true 200 in 145ms (compile: 2ms, render: 142ms)
 GET /api/admin/dashboard?light=true 200 in 464ms (compile: 1399µs, render: 463ms)
 GET /api/admin/dashboard?light=true 200 in 435ms (compile: 3ms, render: 432ms)
✓ Compiled in 58ms
 GET /api/admin/dashboard?light=true 200 in 160ms (compile: 3ms, render: 157ms)
✓ Compiled in 57ms
 GET /api/admin/dashboard?light=true 200 in 456ms (compile: 4ms, render: 452ms)
 GET /api/admin/dashboard?light=true 200 in 482ms (compile: 4ms, render: 478ms)
 GET /api/admin/dashboard?light=true 200 in 160ms (compile: 4ms, render: 156ms)
[?25h
